# JRE version: OpenJDK Runtime Environment Corretto-17.0.10.7.1 (17.0.10+7) (build 17.0.10+7-LTS)
# Java VM: OpenJDK 64-Bit Server VM Corretto-17.0.10.7.1 (17.0.10+7-LTS, mixed mode, sharing, tiered, compressed oops, compressed class ptrs, g1 gc, windows-amd64)
GC Precious Log:
 CPUs: 12 total, 12 available
 Memory: 32654M
 Large Page Support: Disabled
 NUMA Support: Disabled
 Compressed Oops: Enabled (Zero based)
 Heap Region Size: 4M
 Heap Min Capacity: 8M
 Heap Initial Capacity: 512M
 Heap Max Capacity: 8164M
 Pre-touch: Disabled
 Parallel Workers: 10
 Concurrent Workers: 3
 Concurrent Refinement Workers: 10
 Periodic GC: Disabled
Heap:
 garbage-first heap   total 262144K, used 169282K [0x0000000601c00000, 0x0000000800000000)
  region size 4096K, 8 young (32768K), 1 survivors (4096K)
 Metaspace       used 40222K, committed 40576K, reserved 1114112K
  class space    used 5092K, committed 5248K, reserved 1048576K
GC Heap History (20 events):
Event: 4.567 GC heap before
{Heap before GC invocations=6 (full 0):
 garbage-first heap   total 73728K, used 43378K [0x0000000601c00000, 0x0000000800000000)
  region size 4096K, 10 young (40960K), 5 survivors (20480K)
 Metaspace       used 27864K, committed 28224K, reserved 1114112K
  class space    used 3185K, committed 3392K, reserved 1048576K
}
Event: 4.580 GC heap after
{Heap after GC invocations=7 (full 0):
 garbage-first heap   total 73728K, used 26808K [0x0000000601c00000, 0x0000000800000000)
  region size 4096K, 2 young (8192K), 2 survivors (8192K)
 Metaspace       used 27864K, committed 28224K, reserved 1114112K
  class space    used 3185K, committed 3392K, reserved 1048576K
}
Event: 5.045 GC heap before
{Heap before GC invocations=7 (full 0):
 garbage-first heap   total 73728K, used 47288K [0x0000000601c00000, 0x0000000800000000)
  region size 4096K, 7 young (28672K), 2 survivors (8192K)
 Metaspace       used 28386K, committed 28672K, reserved 1114112K
  class space    used 3206K, committed 3392K, reserved 1048576K
}
Event: 5.050 GC heap after
{Heap after GC invocations=8 (full 0):
 garbage-first heap   total 73728K, used 28164K [0x0000000601c00000, 0x0000000800000000)
  region size 4096K, 1 young (4096K), 1 survivors (4096K)
 Metaspace       used 28386K, committed 28672K, reserved 1114112K
  class space    used 3206K, committed 3392K, reserved 1048576K
}
Event: 5.501 GC heap before
{Heap before GC invocations=8 (full 0):
 garbage-first heap   total 73728K, used 48644K [0x0000000601c00000, 0x0000000800000000)
  region size 4096K, 6 young (24576K), 1 survivors (4096K)
 Metaspace       used 29598K, committed 30016K, reserved 1114112K
  class space    used 3321K, committed 3520K, reserved 1048576K
}
Event: 5.504 GC heap after
{Heap after GC invocations=9 (full 0):
 garbage-first heap   total 73728K, used 29850K [0x0000000601c00000, 0x0000000800000000)
  region size 4096K, 1 young (4096K), 1 survivors (4096K)
 Metaspace       used 29598K, committed 30016K, reserved 1114112K
  class space    used 3321K, committed 3520K, reserved 1048576K
}
Event: 6.269 GC heap before
{Heap before GC invocations=9 (full 0):
 garbage-first heap   total 73728K, used 42138K [0x0000000601c00000, 0x0000000800000000)
  region size 4096K, 5 young (20480K), 1 survivors (4096K)
 Metaspace       used 34099K, committed 34496K, reserved 1114112K
  class space    used 4036K, committed 4224K, reserved 1048576K
}
Event: 6.271 GC heap after
{Heap after GC invocations=10 (full 0):
 garbage-first heap   total 73728K, used 31074K [0x0000000601c00000, 0x0000000800000000)
  region size 4096K, 1 young (4096K), 1 survivors (4096K)
 Metaspace       used 34099K, committed 34496K, reserved 1114112K
  class space    used 4036K, committed 4224K, reserved 1048576K
}
Event: 6.604 GC heap before
{Heap before GC invocations=10 (full 0):
 garbage-first heap   total 73728K, used 43362K [0x0000000601c00000, 0x0000000800000000)
  region size 4096K, 4 young (16384K), 1 survivors (4096K)
 Metaspace       used 35862K, committed 36224K, reserved 1114112K
  class space    used 4352K, committed 4544K, reserved 1048576K
}
Event: 6.607 GC heap after
{Heap after GC invocations=11 (full 0):
 garbage-first heap   total 73728K, used 45636K [0x0000000601c00000, 0x0000000800000000)
  region size 4096K, 1 young (4096K), 1 survivors (4096K)
 Metaspace       used 35862K, committed 36224K, reserved 1114112K
  class space    used 4352K, committed 4544K, reserved 1048576K
}
Event: 6.678 GC heap before
{Heap before GC invocations=12 (full 0):
 garbage-first heap   total 102400K, used 53828K [0x0000000601c00000, 0x0000000800000000)
  region size 4096K, 2 young (8192K), 1 survivors (4096K)
 Metaspace       used 36013K, committed 36416K, reserved 1114112K
  class space    used 4390K, committed 4608K, reserved 1048576K
}
Event: 6.679 GC heap after
{Heap after GC invocations=13 (full 0):
 garbage-first heap   total 102400K, used 53572K [0x0000000601c00000, 0x0000000800000000)
  region size 4096K, 1 young (4096K), 1 survivors (4096K)
 Metaspace       used 36013K, committed 36416K, reserved 1114112K
  class space    used 4390K, committed 4608K, reserved 1048576K
}
Event: 7.185 GC heap before
{Heap before GC invocations=14 (full 0):
 garbage-first heap   total 131072K, used 106820K [0x0000000601c00000, 0x0000000800000000)
  region size 4096K, 4 young (16384K), 1 survivors (4096K)
 Metaspace       used 36677K, committed 37120K, reserved 1114112K
  class space    used 4454K, committed 4672K, reserved 1048576K
}
Event: 7.187 GC heap after
{Heap after GC invocations=15 (full 0):
 garbage-first heap   total 131072K, used 102830K [0x0000000601c00000, 0x0000000800000000)
  region size 4096K, 1 young (4096K), 1 survivors (4096K)
 Metaspace       used 36677K, committed 37120K, reserved 1114112K
  class space    used 4454K, committed 4672K, reserved 1048576K
}
Event: 7.358 GC heap before
{Heap before GC invocations=15 (full 0):
 garbage-first heap   total 147456K, used 131502K [0x0000000601c00000, 0x0000000800000000)
  region size 4096K, 2 young (8192K), 1 survivors (4096K)
 Metaspace       used 36691K, committed 37120K, reserved 1114112K
  class space    used 4455K, committed 4672K, reserved 1048576K
}
Event: 7.360 GC heap after
{Heap after GC invocations=16 (full 0):
 garbage-first heap   total 147456K, used 128314K [0x0000000601c00000, 0x0000000800000000)
  region size 4096K, 1 young (4096K), 1 survivors (4096K)
 Metaspace       used 36691K, committed 37120K, reserved 1114112K
  class space    used 4455K, committed 4672K, reserved 1048576K
}
Event: 7.378 GC heap before
{Heap before GC invocations=16 (full 0):
 garbage-first heap   total 155648K, used 136506K [0x0000000601c00000, 0x0000000800000000)
  region size 4096K, 2 young (8192K), 1 survivors (4096K)
 Metaspace       used 36691K, committed 37120K, reserved 1114112K
  class space    used 4455K, committed 4672K, reserved 1048576K
}
Event: 7.379 GC heap after
{Heap after GC invocations=17 (full 0):
 garbage-first heap   total 155648K, used 136370K [0x0000000601c00000, 0x0000000800000000)
  region size 4096K, 1 young (4096K), 1 survivors (4096K)
 Metaspace       used 36691K, committed 37120K, reserved 1114112K
  class space    used 4455K, committed 4672K, reserved 1048576K
}
Event: 7.681 GC heap before
{Heap before GC invocations=18 (full 0):
 garbage-first heap   total 262144K, used 148658K [0x0000000601c00000, 0x0000000800000000)
  region size 4096K, 2 young (8192K), 1 survivors (4096K)
 Metaspace       used 37034K, committed 37376K, reserved 1114112K
  class space    used 4502K, committed 4672K, reserved 1048576K
}
Event: 7.682 GC heap after
{Heap after GC invocations=19 (full 0):
 garbage-first heap   total 262144K, used 144706K [0x0000000601c00000, 0x0000000800000000)
  region size 4096K, 1 young (4096K), 1 survivors (4096K)
 Metaspace       used 37034K, committed 37376K, reserved 1114112K
  class space    used 4502K, committed 4672K, reserved 1048576K
}

